
========= 2011-10-14 05:05:47, Fri =========
2011-10-14 05:05:47, Fri	 Начало
2011-10-14 05:05:47, Fri	  
2011-10-14 05:05:47, Fri	 НАчало обработки файла /var/www/erp/eee/application/logs/patches/kaf.txt 
2011-10-14 05:05:47, Fri	 Найдена запись АРВ Растениеводства 
2011-10-14 05:05:47, Fri	 Внесение в БД: Успешно 
2011-10-14 05:05:47, Fri	 Найдена запись ИИТОО Инновационных технологий сельскохозяйственного производства 
2011-10-14 05:05:47, Fri	 Внесение в БД: Успешно 
2011-10-14 05:05:47, Fri	 Найдена запись АЗКПВ Землеустройства кадастров и почвоведения 
2011-10-14 05:05:47, Fri	 Внесение в БД: Успешно 
2011-10-14 05:05:47, Fri	 Найдена запись АЗО Земледелия, почвоведения и землеустройства 
2011-10-14 05:05:47, Fri	 Внесение в БД: Успешно 
2011-10-14 05:05:47, Fri	 Найдена запись АФОО  Физвоспитания 
2011-10-14 05:05:47, Fri	 Внесение в БД: Успешно 
2011-10-14 05:05:47, Fri	 Найдена запись АХОО Общей  и агрономической химии 
2011-10-14 05:05:47, Fri	 Внесение в БД: Успешно 
2011-10-14 05:05:47, Fri	 Найдена запись ББОО Биологии и экологии 
2011-10-14 05:05:47, Fri	 Внесение в БД: Успешно 
2011-10-14 05:05:47, Fri	 Найдена запись БИБ Библиотека 
2011-10-14 05:05:47, Fri	 Внесение в БД: Успешно 
2011-10-14 05:05:47, Fri	 Найдена запись БИОО Иностранных языков 
2011-10-14 05:05:47, Fri	 Внесение в БД: Успешно 
2011-10-14 05:05:47, Fri	 Найдена запись БКО Кормления и разведения  животных 
2011-10-14 05:05:47, Fri	 Внесение в БД: Успешно 
2011-10-14 05:05:47, Fri	 Найдена запись БТВ Технология производства и переработки сельскохозяйственной продукции 
2011-10-14 05:05:47, Fri	 Внесение в БД: Успешно 
2011-10-14 05:05:47, Fri	 Найдена запись БЧВ Частной зоотехнии 
2011-10-14 05:05:47, Fri	 Внесение в БД: Успешно 
2011-10-14 05:05:47, Fri	 Найдена запись ВИО Инфекционных и инвазионных болезней 
2011-10-14 05:05:47, Fri	 Внесение в БД: Успешно 
2011-10-14 05:05:47, Fri	 Найдена запись ВМО Морфорлогии, физиологии и зоогигиены 
2011-10-14 05:05:47, Fri	 Внесение в БД: Успешно 
2011-10-14 05:05:47, Fri	 Найдена запись ВНВ Незаразных болезней 
2011-10-14 05:05:47, Fri	 Внесение в БД: Успешно 
2011-10-14 05:05:47, Fri	 Найдена запись ДИФ деканат 
2011-10-14 05:05:47, Fri	 Внесение в БД: Успешно 
2011-10-14 05:05:47, Fri	 Найдена запись ИАВ Автомобилей, тракторов и автомобильного хозяйства 
2011-10-14 05:05:47, Fri	 Внесение в БД: Успешно 
2011-10-14 05:05:47, Fri	 Найдена запись ИМЖО Механизации животноводства, безопасность жизнедеятельности 
2011-10-14 05:05:47, Fri	 Внесение в БД: Успешно 
2011-10-14 05:05:47, Fri	 Найдена запись ИМОО Математики 
2011-10-14 05:05:47, Fri	 Внесение в БД: Успешно 
2011-10-14 05:05:47, Fri	 Найдена запись ИМПВ Электрооборудования и механизации переработки СХП 
2011-10-14 05:05:47, Fri	 Внесение в БД: Успешно 
2011-10-14 05:05:47, Fri	 Найдена запись ИРМВ Ремонта машин и технологии конструкционных материалов 
2011-10-14 05:05:47, Fri	 Внесение в БД: Успешно 
2011-10-14 05:05:47, Fri	 Найдена запись ИФОО Физики и технической механики 
2011-10-14 05:05:47, Fri	 Внесение в БД: Успешно 
2011-10-14 05:05:47, Fri	 Найдена запись ИФПОО Философии, истории и права 
2011-10-14 05:05:47, Fri	 Внесение в БД: Успешно 
2011-10-14 05:05:47, Fri	 Найдена запись ИЭТВ Эксплуатации сельскохозяйственной техники 
2011-10-14 05:05:47, Fri	 Внесение в БД: Успешно 
2011-10-14 05:05:47, Fri	 Найдена запись у условная 
2011-10-14 05:05:47, Fri	 Внесение в БД: Успешно 
2011-10-14 05:05:47, Fri	 Найдена запись ЭБВ Бухгалтерский учет, анализ и аудит 
2011-10-14 05:05:47, Fri	 Внесение в БД: Успешно 
2011-10-14 05:05:47, Fri	 Найдена запись ЭГОО Гуманитарных дисциплин 
2011-10-14 05:05:47, Fri	 Внесение в БД: Успешно 
2011-10-14 05:05:47, Fri	 Найдена запись ЭИОО Информационных технологий 
2011-10-14 05:05:47, Fri	 Внесение в БД: Успешно 
2011-10-14 05:05:47, Fri	 Найдена запись ЭМВ Менеджмента и маркетинга 
2011-10-14 05:05:47, Fri	 Внесение в БД: Успешно 
2011-10-14 05:05:47, Fri	 Найдена запись ЭОО Организация аграрного производства 
2011-10-14 05:05:47, Fri	 Внесение в БД: Успешно 
2011-10-14 05:05:47, Fri	 Найдена запись ЭФО Финансы и кредит 
2011-10-14 05:05:47, Fri	 Внесение в БД: Успешно 
2011-10-14 05:05:47, Fri	 Найдена запись ЭЭО Экономики 
2011-10-14 05:05:47, Fri	 Внесение в БД: Успешно 
2011-10-14 05:05:47, Fri	 Завершение
