
========= 2011-10-21 11:29:06, Fri =========
2011-10-21 11:29:06, Fri	 Начало
2011-10-21 11:29:06, Fri	 таблица привязки преподов к дисциплинам 
2011-10-21 11:29:06, Fri	 SQL-запрос: CREATE  TABLE IF NOT EXISTS `academyutf8`.`teachers` (
  `id` BIGINT(20) NOT NULL AUTO_INCREMENT ,
  `userid` BIGINT(20) UNSIGNED NULL ,
  `discipline` BIGINT(20) UNSIGNED NULL ,
  PRIMARY KEY (`id`) ,
  INDEX `fk_teachers_disciplinestud1` (`discipline` ASC) ,
  INDEX `fk_teachers_acl_users1` (`userid` ASC) ,
  CONSTRAINT `fk_teachers_disciplinestud1`
    FOREIGN KEY (`discipline` )
    REFERENCES `academyutf8`.`disciplinestud` (`id` )
    ON DELETE CASCADE
    ON UPDATE CASCADE,
  CONSTRAINT `fk_teachers_acl_users1`
    FOREIGN KEY (`userid` )
    REFERENCES `academyutf8`.`acl_users` (`id` )
    ON DELETE CASCADE
    ON UPDATE CASCADE)
ENGINE = InnoDB 
2011-10-21 11:29:07, Fri	 Успешно 
2011-10-21 11:29:07, Fri	 Завершение
